# JRE version: OpenJDK Runtime Environment (8.0_292-b10) (build 1.8.0_292-b10)
# Java VM: OpenJDK 64-Bit Server VM (25.292-b10 mixed mode linux-amd64 compressed oops)
Heap:
 PSYoungGen      total 330752K, used 157803K [0x00000000db300000, 0x00000000f1580000, 0x0000000100000000)
  eden space 313856K, 46% used [0x00000000db300000,0x00000000e42bc778,0x00000000ee580000)
  from space 16896K, 62% used [0x00000000f0500000,0x00000000f0f5e6e0,0x00000000f1580000)
  to   space 24576K, 0% used [0x00000000ee580000,0x00000000ee580000,0x00000000efd80000)
 ParOldGen       total 141312K, used 38873K [0x0000000091800000, 0x000000009a200000, 0x00000000db300000)
  object space 141312K, 27% used [0x0000000091800000,0x0000000093df66e0,0x000000009a200000)
 Metaspace       used 87328K, capacity 102154K, committed 102400K, reserved 1138688K
  class space    used 12476K, capacity 13270K, committed 13312K, reserved 1048576K
GC Heap History (10 events):
Event: 33,786 GC heap before
{Heap before GC invocations=12 (full 3):
 PSYoungGen      total 203776K, used 203559K [0x00000000db300000, 0x00000000ea200000, 0x0000000100000000)
  eden space 189440K, 100% used [0x00000000db300000,0x00000000e6c00000,0x00000000e6c00000)
  from space 14336K, 98% used [0x00000000e9400000,0x00000000ea1c9f28,0x00000000ea200000)
  to   space 20992K, 0% used [0x00000000e7900000,0x00000000e7900000,0x00000000e8d80000)
 ParOldGen       total 111104K, used 24701K [0x0000000091800000, 0x0000000098480000, 0x00000000db300000)
  object space 111104K, 22% used [0x0000000091800000,0x000000009301f6f0,0x0000000098480000)
 Metaspace       used 74490K, capacity 86126K, committed 86400K, reserved 1124352K
  class space    used 10720K, capacity 11365K, committed 11392K, reserved 1048576K
Event: 33,839 GC heap after
Heap after GC invocations=12 (full 3):
 PSYoungGen      total 223744K, used 16436K [0x00000000db300000, 0x00000000ec580000, 0x0000000100000000)
  eden space 202752K, 0% used [0x00000000db300000,0x00000000db300000,0x00000000e7900000)
  from space 20992K, 78% used [0x00000000e7900000,0x00000000e890d168,0x00000000e8d80000)
  to   space 22528K, 0% used [0x00000000eaf80000,0x00000000eaf80000,0x00000000ec580000)
 ParOldGen       total 111104K, used 24709K [0x0000000091800000, 0x0000000098480000, 0x00000000db300000)
  object space 111104K, 22% used [0x0000000091800000,0x00000000930216f0,0x0000000098480000)
 Metaspace       used 74490K, capacity 86126K, committed 86400K, reserved 1124352K
  class space    used 10720K, capacity 11365K, committed 11392K, reserved 1048576K
}
Event: 43,013 GC heap before
{Heap before GC invocations=13 (full 3):
 PSYoungGen      total 223744K, used 219188K [0x00000000db300000, 0x00000000ec580000, 0x0000000100000000)
  eden space 202752K, 100% used [0x00000000db300000,0x00000000e7900000,0x00000000e7900000)
  from space 20992K, 78% used [0x00000000e7900000,0x00000000e890d168,0x00000000e8d80000)
  to   space 22528K, 0% used [0x00000000eaf80000,0x00000000eaf80000,0x00000000ec580000)
 ParOldGen       total 111104K, used 24709K [0x0000000091800000, 0x0000000098480000, 0x00000000db300000)
  object space 111104K, 22% used [0x0000000091800000,0x00000000930216f0,0x0000000098480000)
 Metaspace       used 83791K, capacity 97996K, committed 98304K, reserved 1134592K
  class space    used 12178K, capacity 12931K, committed 13056K, reserved 1048576K
Event: 43,116 GC heap after
Heap after GC invocations=13 (full 3):
 PSYoungGen      total 256000K, used 21199K [0x00000000db300000, 0x00000000eda00000, 0x0000000100000000)
  eden space 233472K, 0% used [0x00000000db300000,0x00000000db300000,0x00000000e9700000)
  from space 22528K, 94% used [0x00000000eaf80000,0x00000000ec433db0,0x00000000ec580000)
  to   space 25088K, 0% used [0x00000000e9700000,0x00000000e9700000,0x00000000eaf80000)
 ParOldGen       total 111104K, used 24717K [0x0000000091800000, 0x0000000098480000, 0x00000000db300000)
  object space 111104K, 22% used [0x0000000091800000,0x00000000930236f0,0x0000000098480000)
 Metaspace       used 83791K, capacity 97996K, committed 98304K, reserved 1134592K
  class space    used 12178K, capacity 12931K, committed 13056K, reserved 1048576K
}
Event: 43,702 GC heap before
{Heap before GC invocations=14 (full 3):
 PSYoungGen      total 256000K, used 30956K [0x00000000db300000, 0x00000000eda00000, 0x0000000100000000)
  eden space 233472K, 4% used [0x00000000db300000,0x00000000dbc87288,0x00000000e9700000)
  from space 22528K, 94% used [0x00000000eaf80000,0x00000000ec433db0,0x00000000ec580000)
  to   space 25088K, 0% used [0x00000000e9700000,0x00000000e9700000,0x00000000eaf80000)
 ParOldGen       total 111104K, used 24717K [0x0000000091800000, 0x0000000098480000, 0x00000000db300000)
  object space 111104K, 22% used [0x0000000091800000,0x00000000930236f0,0x0000000098480000)
 Metaspace       used 84019K, capacity 98226K, committed 98380K, reserved 1134592K
  class space    used 12217K, capacity 12962K, committed 13056K, reserved 1048576K
Event: 43,755 GC heap after
Heap after GC invocations=14 (full 3):
 PSYoungGen      total 258560K, used 17262K [0x00000000db300000, 0x00000000f1e00000, 0x0000000100000000)
  eden space 233472K, 0% used [0x00000000db300000,0x00000000db300000,0x00000000e9700000)
  from space 25088K, 68% used [0x00000000e9700000,0x00000000ea7db808,0x00000000eaf80000)
  to   space 25600K, 0% used [0x00000000f0500000,0x00000000f0500000,0x00000000f1e00000)
 ParOldGen       total 111104K, used 24725K [0x0000000091800000, 0x0000000098480000, 0x00000000db300000)
  object space 111104K, 22% used [0x0000000091800000,0x00000000930256f0,0x0000000098480000)
 Metaspace       used 84019K, capacity 98226K, committed 98380K, reserved 1134592K
  class space    used 12217K, capacity 12962K, committed 13056K, reserved 1048576K
}
Event: 43,755 GC heap before
{Heap before GC invocations=15 (full 4):
 PSYoungGen      total 258560K, used 17262K [0x00000000db300000, 0x00000000f1e00000, 0x0000000100000000)
  eden space 233472K, 0% used [0x00000000db300000,0x00000000db300000,0x00000000e9700000)
  from space 25088K, 68% used [0x00000000e9700000,0x00000000ea7db808,0x00000000eaf80000)
  to   space 25600K, 0% used [0x00000000f0500000,0x00000000f0500000,0x00000000f1e00000)
 ParOldGen       total 111104K, used 24725K [0x0000000091800000, 0x0000000098480000, 0x00000000db300000)
  object space 111104K, 22% used [0x0000000091800000,0x00000000930256f0,0x0000000098480000)
 Metaspace       used 84019K, capacity 98226K, committed 98380K, reserved 1134592K
  class space    used 12217K, capacity 12962K, committed 13056K, reserved 1048576K
Event: 44,157 GC heap after
Heap after GC invocations=15 (full 4):
 PSYoungGen      total 258560K, used 0K [0x00000000db300000, 0x00000000f1e00000, 0x0000000100000000)
  eden space 233472K, 0% used [0x00000000db300000,0x00000000db300000,0x00000000e9700000)
  from space 25088K, 0% used [0x00000000e9700000,0x00000000e9700000,0x00000000eaf80000)
  to   space 25600K, 0% used [0x00000000f0500000,0x00000000f0500000,0x00000000f1e00000)
 ParOldGen       total 141312K, used 38865K [0x0000000091800000, 0x000000009a200000, 0x00000000db300000)
  object space 141312K, 27% used [0x0000000091800000,0x0000000093df46e0,0x000000009a200000)
 Metaspace       used 83820K, capacity 97822K, committed 98380K, reserved 1134592K
  class space    used 12150K, capacity 12887K, committed 13056K, reserved 1048576K
}
Event: 50,605 GC heap before
{Heap before GC invocations=16 (full 4):
 PSYoungGen      total 258560K, used 233472K [0x00000000db300000, 0x00000000f1e00000, 0x0000000100000000)
  eden space 233472K, 100% used [0x00000000db300000,0x00000000e9700000,0x00000000e9700000)
  from space 25088K, 0% used [0x00000000e9700000,0x00000000e9700000,0x00000000eaf80000)
  to   space 25600K, 0% used [0x00000000f0500000,0x00000000f0500000,0x00000000f1e00000)
 ParOldGen       total 141312K, used 38865K [0x0000000091800000, 0x000000009a200000, 0x00000000db300000)
  object space 141312K, 27% used [0x0000000091800000,0x0000000093df46e0,0x000000009a200000)
 Metaspace       used 85901K, capacity 100502K, committed 100736K, reserved 1136640K
  class space    used 12363K, capacity 13156K, committed 13184K, reserved 1048576K
Event: 50,634 GC heap after
Heap after GC invocations=16 (full 4):
 PSYoungGen      total 330752K, used 10617K [0x00000000db300000, 0x00000000f1580000, 0x0000000100000000)
  eden space 313856K, 0% used [0x00000000db300000,0x00000000db300000,0x00000000ee580000)
  from space 16896K, 62% used [0x00000000f0500000,0x00000000f0f5e6e0,0x00000000f1580000)
  to   space 24576K, 0% used [0x00000000ee580000,0x00000000ee580000,0x00000000efd80000)
 ParOldGen       total 141312K, used 38873K [0x0000000091800000, 0x000000009a200000, 0x00000000db300000)
  object space 141312K, 27% used [0x0000000091800000,0x0000000093df66e0,0x000000009a200000)
 Metaspace       used 85901K, capacity 100502K, committed 100736K, reserved 1136640K
  class space    used 12363K, capacity 13156K, committed 13184K, reserved 1048576K
}

